<?xml version="1.0" encoding="UTF-8"?>
<coverage generated="1718641128508" clover="3.2.0">
  <project timestamp="1718641128509" name="All files">
    <metrics statements="45" coveredstatements="19" conditionals="17" coveredconditionals="5" methods="18" coveredmethods="5" elements="80" coveredelements="29" complexity="0" loc="45" ncloc="45" packages="1" files="2" classes="2"/>
    <file name="App.js" path="/home/runner/work/Tic-Tac-Toe-demo/Tic-Tac-Toe-demo/src/App.js">
      <metrics statements="43" coveredstatements="19" conditionals="17" coveredconditionals="5" methods="18" coveredmethods="5"/>
      <line num="4" count="27" type="stmt"/>
      <line num="13" count="0" type="cond" truecount="0" falsecount="4"/>
      <line num="14" count="0" type="stmt"/>
      <line num="16" count="0" type="stmt"/>
      <line num="17" count="0" type="cond" truecount="0" falsecount="2"/>
      <line num="18" count="0" type="stmt"/>
      <line num="20" count="0" type="stmt"/>
      <line num="22" count="0" type="stmt"/>
      <line num="25" count="3" type="stmt"/>
      <line num="27" count="3" type="cond" truecount="1" falsecount="1"/>
      <line num="28" count="0" type="stmt"/>
      <line num="30" count="3" type="cond" truecount="1" falsecount="1"/>
      <line num="33" count="3" type="stmt"/>
      <line num="38" count="0" type="stmt"/>
      <line num="39" count="0" type="stmt"/>
      <line num="40" count="0" type="stmt"/>
      <line num="43" count="0" type="stmt"/>
      <line num="44" count="0" type="stmt"/>
      <line num="45" count="0" type="stmt"/>
      <line num="48" count="0" type="stmt"/>
      <line num="49" count="0" type="stmt"/>
      <line num="50" count="0" type="stmt"/>
      <line num="57" count="3" type="stmt"/>
      <line num="58" count="3" type="stmt"/>
      <line num="59" count="3" type="stmt"/>
      <line num="60" count="3" type="stmt"/>
      <line num="63" count="0" type="stmt"/>
      <line num="64" count="0" type="stmt"/>
      <line num="65" count="0" type="stmt"/>
      <line num="69" count="0" type="stmt"/>
      <line num="72" count="3" type="stmt"/>
      <line num="74" count="3" type="cond" truecount="1" falsecount="1"/>
      <line num="75" count="0" type="stmt"/>
      <line num="77" count="3" type="stmt"/>
      <line num="79" count="3" type="stmt"/>
      <line num="81" count="0" type="stmt"/>
      <line num="86" count="3" type="stmt"/>
      <line num="99" count="3" type="stmt"/>
      <line num="109" count="3" type="stmt"/>
      <line num="110" count="24" type="stmt"/>
      <line num="111" count="24" type="cond" truecount="2" falsecount="3"/>
      <line num="112" count="0" type="stmt"/>
      <line num="115" count="3" type="stmt"/>
    </file>
    <file name="index.js" path="/home/runner/work/Tic-Tac-Toe-demo/Tic-Tac-Toe-demo/src/index.js">
      <metrics statements="2" coveredstatements="0" conditionals="0" coveredconditionals="0" methods="0" coveredmethods="0"/>
      <line num="7" count="0" type="stmt"/>
      <line num="8" count="0" type="stmt"/>
    </file>
  </project>
</coverage>
